{"Name":"'Microsoft-Windows-Sysmon'","Guid":"'{5770385F-C22A-43E0-BF4C-06F5698FFBD9}'","Version":"5","Level":"4","Task":"22","Opcode":"0","Keywords":"0x8000000000000000","SystemTime":"'2023-01-27T11:22:35.226014800Z'","EventRecordID":"321176","ProcessID":"'1912'","ThreadID":"'2652'","Channel":"Microsoft-Windows-Sysmon/Operational","UserID":"S-1-5-18","RuleName":"-","UtcTime":"2023-01-27 11:22:32.315","ProcessGuid":"{72106695-B3F8-63D3-A903-00000000BD02}","ProcessId":"6048","QueryName":"ecs.office.com","QueryStatus":"0","QueryResults":"type:  5 ecs.office.trafficmanager.net;type:  5 s-0005-office.config.skype.com;type:  5 ecs-office.s-0005.s-msedge.net;type:  5 s-0005.s-msedge.net;::ffff:52.113.194.132;","Image":"C:\\Temp\\OfficeSetup.exe"}
{"Name":"'Microsoft-Windows-Sysmon'","Guid":"'{5770385F-C22A-43E0-BF4C-06F5698FFBD9}'","Version":"5","Level":"4","Task":"22","Opcode":"0","Keywords":"0x8000000000000000","SystemTime":"'2023-01-27T11:22:44.731734100Z'","EventRecordID":"321594","ProcessID":"'1912'","ThreadID":"'2652'","Channel":"Microsoft-Windows-Sysmon/Operational","UserID":"S-1-5-18","RuleName":"-","UtcTime":"2023-01-27 11:22:42.219","ProcessGuid":"{72106695-B402-63D3-B003-00000000BD02}","ProcessId":"3780","QueryName":"ecs.office.com","QueryStatus":"0","QueryResults":"type:  5 ecs.office.trafficmanager.net;type:  5 s-0005-office.config.skype.com;type:  5 ecs-office.s-0005.s-msedge.net;type:  5 s-0005.s-msedge.net;::ffff:52.113.194.132;","Image":"C:\\Program Files\\Common Files\\Microsoft Shared\\ClickToRun\\OfficeClickToRun.exe"}
{"Name":"'Microsoft-Windows-Sysmon'","Guid":"'{5770385F-C22A-43E0-BF4C-06F5698FFBD9}'","Version":"5","Level":"4","Task":"22","Opcode":"0","Keywords":"0x8000000000000000","SystemTime":"'2023-01-27T11:22:44.733252100Z'","EventRecordID":"321596","ProcessID":"'1912'","ThreadID":"'2652'","Channel":"Microsoft-Windows-Sysmon/Operational","UserID":"S-1-5-18","RuleName":"-","UtcTime":"2023-01-27 11:22:42.694","ProcessGuid":"{72106695-B403-63D3-B103-00000000BD02}","ProcessId":"6092","QueryName":"ecs.office.com","QueryStatus":"0","QueryResults":"type:  5 ecs.office.trafficmanager.net;type:  5 s-0005-office.config.skype.com;type:  5 ecs-office.s-0005.s-msedge.net;type:  5 s-0005.s-msedge.net;::ffff:52.113.194.132;","Image":"C:\\Program Files\\Common Files\\Microsoft Shared\\ClickToRun\\OfficeClickToRun.exe"}
{"Name":"'Microsoft-Windows-Sysmon'","Guid":"'{5770385F-C22A-43E0-BF4C-06F5698FFBD9}'","Version":"5","Level":"4","Task":"22","Opcode":"0","Keywords":"0x8000000000000000","SystemTime":"'2023-01-27T11:22:44.734765100Z'","EventRecordID":"321599","ProcessID":"'1912'","ThreadID":"'2652'","Channel":"Microsoft-Windows-Sysmon/Operational","UserID":"S-1-5-18","RuleName":"-","UtcTime":"2023-01-27 11:22:42.830","ProcessGuid":"{72106695-9B85-63D3-1400-00000000BD02}","ProcessId":"1032","QueryName":"f.c2r.ts.cdn.office.net","QueryStatus":"0","QueryResults":"type:  5 office-fg-geo.trafficmanager.net;type:  5 c2r.a-0020.a-msedge.net;type:  5 a-0020.a-msedge.net;::ffff:204.79.197.223;","Image":"C:\\Windows\\System32\\svchost.exe"}
{"Name":"'Microsoft-Windows-Sysmon'","Guid":"'{5770385F-C22A-43E0-BF4C-06F5698FFBD9}'","Version":"5","Level":"4","Task":"22","Opcode":"0","Keywords":"0x8000000000000000","SystemTime":"'2023-01-27T11:22:44.734672600Z'","EventRecordID":"321598","ProcessID":"'1912'","ThreadID":"'2652'","Channel":"Microsoft-Windows-Sysmon/Operational","UserID":"S-1-5-18","RuleName":"-","UtcTime":"2023-01-27 11:22:42.766","ProcessGuid":"{72106695-B403-63D3-B103-00000000BD02}","ProcessId":"6092","QueryName":"f.c2r.ts.cdn.office.net","QueryStatus":"0","QueryResults":"type:  5 office-fg-geo.trafficmanager.net;type:  5 c2r.a-0020.a-msedge.net;type:  5 a-0020.a-msedge.net;::ffff:204.79.197.223;","Image":"C:\\Program Files\\Common Files\\Microsoft Shared\\ClickToRun\\OfficeClickToRun.exe"}
{"Name":"'Microsoft-Windows-Sysmon'","Guid":"'{5770385F-C22A-43E0-BF4C-06F5698FFBD9}'","Version":"5","Level":"4","Task":"22","Opcode":"0","Keywords":"0x8000000000000000","SystemTime":"'2023-01-27T11:23:49.025359200Z'","EventRecordID":"323291","ProcessID":"'1912'","ThreadID":"'2652'","Channel":"Microsoft-Windows-Sysmon/Operational","UserID":"S-1-5-18","RuleName":"-","UtcTime":"2023-01-27 11:23:46.090","ProcessGuid":"{72106695-B403-63D3-B103-00000000BD02}","ProcessId":"6092","QueryName":"f.c2r.ts.cdn.office.net","QueryStatus":"0","QueryResults":"type:  5 office-fg-geo.trafficmanager.net;type:  5 c2r.a-0020.a-msedge.net;type:  5 a-0020.a-msedge.net;::ffff:204.79.197.223;","Image":"C:\\Program Files\\Common Files\\microsoft shared\\ClickToRun\\OfficeClickToRun.exe"}
{"Name":"'Microsoft-Windows-Sysmon'","Guid":"'{5770385F-C22A-43E0-BF4C-06F5698FFBD9}'","Version":"5","Level":"4","Task":"22","Opcode":"0","Keywords":"0x8000000000000000","SystemTime":"'2023-01-27T11:27:55.465230300Z'","EventRecordID":"339924","ProcessID":"'1912'","ThreadID":"'2652'","Channel":"Microsoft-Windows-Sysmon/Operational","UserID":"S-1-5-18","RuleName":"-","UtcTime":"2023-01-27 11:27:53.712","ProcessGuid":"{72106695-9B85-63D3-1400-00000000BD02}","ProcessId":"1032","QueryName":"oneclient.sfx.ms","QueryStatus":"0","QueryResults":"type:  5 oneclient.sfx.ms.edgekey.net;type:  5 e9659.dspg.akamaiedge.net;::ffff:23.219.53.18;","Image":"C:\\Windows\\System32\\svchost.exe"}
{"Name":"'Microsoft-Windows-Sysmon'","Guid":"'{5770385F-C22A-43E0-BF4C-06F5698FFBD9}'","Version":"5","Level":"4","Task":"22","Opcode":"0","Keywords":"0x8000000000000000","SystemTime":"'2023-01-27T11:28:03.760804300Z'","EventRecordID":"341302","ProcessID":"'1912'","ThreadID":"'2652'","Channel":"Microsoft-Windows-Sysmon/Operational","UserID":"S-1-5-18","RuleName":"-","UtcTime":"2023-01-27 11:28:01.477","ProcessGuid":"{00000000-0000-0000-0000-000000000000}","ProcessId":"4592","QueryName":"ecs.office.com","QueryStatus":"0","QueryResults":"type:  5 ecs.office.trafficmanager.net;type:  5 s-0005-office.config.skype.com;type:  5 ecs-office.s-0005.s-msedge.net;type:  5 s-0005.s-msedge.net;::ffff:52.113.194.132;","Image":"&lt;unknown process&gt;"}
{"Name":"'Microsoft-Windows-Sysmon'","Guid":"'{5770385F-C22A-43E0-BF4C-06F5698FFBD9}'","Version":"5","Level":"4","Task":"22","Opcode":"0","Keywords":"0x8000000000000000","SystemTime":"'2023-01-27T11:30:16.278890400Z'","EventRecordID":"342183","ProcessID":"'1912'","ThreadID":"'2652'","Channel":"Microsoft-Windows-Sysmon/Operational","UserID":"S-1-5-18","RuleName":"-","UtcTime":"2023-01-27 11:30:13.961","ProcessGuid":"{72106695-B5C3-63D3-3D04-00000000BD02}","ProcessId":"4200","QueryName":"support.content.office.net","QueryStatus":"0","QueryResults":"type:  5 support.content.office.net.edgekey.net;type:  5 e12627.g.akamaiedge.net;::ffff:184.31.205.109;","Image":"C:\\Program Files\\Microsoft Office\\root\\Office16\\WINWORD.EXE"}
{"Name":"'Microsoft-Windows-Sysmon'","Guid":"'{5770385F-C22A-43E0-BF4C-06F5698FFBD9}'","Version":"5","Level":"4","Task":"22","Opcode":"0","Keywords":"0x8000000000000000","SystemTime":"'2023-01-27T11:30:16.278821600Z'","EventRecordID":"342182","ProcessID":"'1912'","ThreadID":"'2652'","Channel":"Microsoft-Windows-Sysmon/Operational","UserID":"S-1-5-18","RuleName":"-","UtcTime":"2023-01-27 11:30:13.957","ProcessGuid":"{72106695-B5C3-63D3-3D04-00000000BD02}","ProcessId":"4200","QueryName":"ecs.office.com","QueryStatus":"0","QueryResults":"type:  5 ecs.office.trafficmanager.net;type:  5 s-0005-office.config.skype.com;type:  5 ecs-office.s-0005.s-msedge.net;type:  5 s-0005.s-msedge.net;::ffff:52.113.194.132;","Image":"C:\\Program Files\\Microsoft Office\\root\\Office16\\WINWORD.EXE"}
{"Name":"'Microsoft-Windows-Sysmon'","Guid":"'{5770385F-C22A-43E0-BF4C-06F5698FFBD9}'","Version":"5","Level":"4","Task":"22","Opcode":"0","Keywords":"0x8000000000000000","SystemTime":"'2023-01-27T11:30:16.279033400Z'","EventRecordID":"342184","ProcessID":"'1912'","ThreadID":"'2652'","Channel":"Microsoft-Windows-Sysmon/Operational","UserID":"S-1-5-18","RuleName":"-","UtcTime":"2023-01-27 11:30:14.523","ProcessGuid":"{72106695-B5C3-63D3-3D04-00000000BD02}","ProcessId":"4200","QueryName":"www.mediafire.com","QueryStatus":"0","QueryResults":"::ffff:104.16.54.48;::ffff:104.16.53.48;","Image":"C:\\Program Files\\Microsoft Office\\root\\Office16\\WINWORD.EXE"}
{"Name":"'Microsoft-Windows-Sysmon'","Guid":"'{5770385F-C22A-43E0-BF4C-06F5698FFBD9}'","Version":"5","Level":"4","Task":"22","Opcode":"0","Keywords":"0x8000000000000000","SystemTime":"'2023-01-27T11:30:53.349027700Z'","EventRecordID":"342402","ProcessID":"'1912'","ThreadID":"'2652'","Channel":"Microsoft-Windows-Sysmon/Operational","UserID":"S-1-5-18","RuleName":"-","UtcTime":"2023-01-27 11:30:50.904","ProcessGuid":"{72106695-B5C3-63D3-3D04-00000000BD02}","ProcessId":"4200","QueryName":"augloop.office.com","QueryStatus":"0","QueryResults":"type:  5 augloop-prod.trafficmanager.net;type:  5 augloop-prod-pd02.eastus2.cloudapp.azure.com;::ffff:52.111.230.3;","Image":"C:\\Program Files\\Microsoft Office\\root\\Office16\\WINWORD.EXE"}
{"Name":"'Microsoft-Windows-Sysmon'","Guid":"'{5770385F-C22A-43E0-BF4C-06F5698FFBD9}'","Version":"5","Level":"4","Task":"22","Opcode":"0","Keywords":"0x8000000000000000","SystemTime":"'2023-01-27T11:31:04.120897500Z'","EventRecordID":"342656","ProcessID":"'1912'","ThreadID":"'2652'","Channel":"Microsoft-Windows-Sysmon/Operational","UserID":"S-1-5-18","RuleName":"-","UtcTime":"2023-01-27 11:31:02.111","ProcessGuid":"{72106695-B5C3-63D3-3D04-00000000BD02}","ProcessId":"4200","QueryName":"metadata.templates.cdn.office.net","QueryStatus":"0","QueryResults":"type:  5 templatesmetadata.office.net;type:  5 templatesmetadata.office.net.edgekey.net;type:  5 e26769.b.akamaiedge.net;::ffff:23.213.203.88;::ffff:23.213.203.25;","Image":"C:\\Program Files\\Microsoft Office\\root\\Office16\\WINWORD.EXE"}
{"Name":"'Microsoft-Windows-Sysmon'","Guid":"'{5770385F-C22A-43E0-BF4C-06F5698FFBD9}'","Version":"5","Level":"4","Task":"22","Opcode":"0","Keywords":"0x8000000000000000","SystemTime":"'2023-01-27T11:31:04.120753300Z'","EventRecordID":"342655","ProcessID":"'1912'","ThreadID":"'2652'","Channel":"Microsoft-Windows-Sysmon/Operational","UserID":"S-1-5-18","RuleName":"-","UtcTime":"2023-01-27 11:31:00.390","ProcessGuid":"{72106695-B5C3-63D3-3D04-00000000BD02}","ProcessId":"4200","QueryName":"messaging.lifecycle.office.com","QueryStatus":"0","QueryResults":"type:  5 prod-custommessage.omexexternallfb.office.net.akadns.net;::ffff:52.109.16.68;","Image":"C:\\Program Files\\Microsoft Office\\root\\Office16\\WINWORD.EXE"}
{"Name":"'Microsoft-Windows-Sysmon'","Guid":"'{5770385F-C22A-43E0-BF4C-06F5698FFBD9}'","Version":"5","Level":"4","Task":"22","Opcode":"0","Keywords":"0x8000000000000000","SystemTime":"'2023-01-27T11:31:04.121000300Z'","EventRecordID":"342657","ProcessID":"'1912'","ThreadID":"'2652'","Channel":"Microsoft-Windows-Sysmon/Operational","UserID":"S-1-5-18","RuleName":"-","UtcTime":"2023-01-27 11:31:02.217","ProcessGuid":"{72106695-B5C3-63D3-3D04-00000000BD02}","ProcessId":"4200","QueryName":"binaries.templates.cdn.office.net","QueryStatus":"0","QueryResults":"type:  5 binaries.templates.cdn.office.net.edgesuite.net;type:  5 a1847.dscg2.akamai.net;::ffff:23.33.22.152;::ffff:23.33.22.141;","Image":"C:\\Program Files\\Microsoft Office\\root\\Office16\\WINWORD.EXE"}
{"Name":"'Microsoft-Windows-Sysmon'","Guid":"'{5770385F-C22A-43E0-BF4C-06F5698FFBD9}'","Version":"5","Level":"4","Task":"22","Opcode":"0","Keywords":"0x8000000000000000","SystemTime":"'2023-01-27T11:32:01.121000300Z'","EventRecordID":"342670","ProcessID":"'4321'","ThreadID":"'1234'","Channel":"Microsoft-Windows-Sysmon/Operational","UserID":"S-1-5-18","RuleName":"-","UtcTime":"2023-01-27 11:32:00.217","ProcessGuid":"{A2106695-B5C3-63D3-3D04-00000000BD02}","ProcessId":"4321","QueryName":"pool.minexmr.com","QueryStatus":"0","QueryResults":"type:  5 pool.minexmr.com.edgekey.net;::ffff:185.165.123.36;","Image":"C:\\Windows\\System32\\svchost.exe"}
{"Name":"'Microsoft-Windows-Sysmon'","Guid":"'{5770385F-C22A-43E0-BF4C-06F5698FFBD9}'","Version":"5","Level":"4","Task":"22","Opcode":"0","Keywords":"0x8000000000000000","SystemTime":"'2023-01-27T11:32:02.121000300Z'","EventRecordID":"342671","ProcessID":"'4321'","ThreadID":"'1234'","Channel":"Microsoft-Windows-Sysmon/Operational","UserID":"S-1-5-18","RuleName":"-","UtcTime":"2023-01-27 11:32:01.217","ProcessGuid":"{A2106695-B5C3-63D3-3D04-00000000BD02}","ProcessId":"4321","QueryName":"hashvault.pro","QueryStatus":"0","QueryResults":"type:  5 hashvault.pro.edgekey.net;::ffff:185.165.123.37;","Image":"C:\\Windows\\System32\\svchost.exe"}